  [1m[35m (604.3ms)[0m  [1m[35mCREATE DATABASE "cats99_development" ENCODING = 'unicode'[0m
  ↳ bin/rails:9
  [1m[35m (248.7ms)[0m  [1m[35mCREATE DATABASE "cats99_test" ENCODING = 'unicode'[0m
  ↳ bin/rails:9
  [1m[35m (180.3ms)[0m  [1m[35mCREATE TABLE "schema_migrations" ("version" character varying NOT NULL PRIMARY KEY)[0m
  ↳ bin/rails:9
  [1m[35m (42.3ms)[0m  [1m[35mCREATE TABLE "ar_internal_metadata" ("key" character varying NOT NULL PRIMARY KEY, "value" character varying, "created_at" timestamp NOT NULL, "updated_at" timestamp NOT NULL)[0m
  ↳ bin/rails:9
  [1m[35m (0.6ms)[0m  [1m[34mSELECT pg_try_advisory_lock(7809834472913233005)[0m
  ↳ bin/rails:9
  [1m[35m (9.8ms)[0m  [1m[34mSELECT "schema_migrations"."version" FROM "schema_migrations" ORDER BY "schema_migrations"."version" ASC[0m
  ↳ bin/rails:9
Migrating to CreateCats (20190702174912)
  [1m[35m (0.3ms)[0m  [1m[35mBEGIN[0m
  ↳ bin/rails:9
  [1m[35m (46.9ms)[0m  [1m[35mCREATE TABLE "cats" ("id" bigserial primary key, "birth_date" date NOT NULL, "color" text NOT NULL, "name" text NOT NULL, "sex" text NOT NULL, "created_at" timestamp NOT NULL, "updated_at" timestamp NOT NULL, "description" text, "#<ActiveRecord::ConnectionAdapters::PostgreSQL::TableDefinition:0x00007f949bc3fe88>" text)[0m
  ↳ db/migrate/20190702174912_create_cats.rb:3
  [1m[36mActiveRecord::SchemaMigration Create (1.0ms)[0m  [1m[32mINSERT INTO "schema_migrations" ("version") VALUES ($1) RETURNING "version"[0m  [["version", "20190702174912"]]
  ↳ bin/rails:9
  [1m[35m (0.6ms)[0m  [1m[35mCOMMIT[0m
  ↳ bin/rails:9
  [1m[36mActiveRecord::InternalMetadata Load (1.3ms)[0m  [1m[34mSELECT  "ar_internal_metadata".* FROM "ar_internal_metadata" WHERE "ar_internal_metadata"."key" = $1 LIMIT $2[0m  [["key", "environment"], ["LIMIT", 1]]
  ↳ bin/rails:9
  [1m[35m (0.3ms)[0m  [1m[35mBEGIN[0m
  ↳ bin/rails:9
  [1m[36mActiveRecord::InternalMetadata Create (0.8ms)[0m  [1m[32mINSERT INTO "ar_internal_metadata" ("key", "value", "created_at", "updated_at") VALUES ($1, $2, $3, $4) RETURNING "key"[0m  [["key", "environment"], ["value", "development"], ["created_at", "2019-07-02 17:53:50.328176"], ["updated_at", "2019-07-02 17:53:50.328176"]]
  ↳ bin/rails:9
  [1m[35m (0.5ms)[0m  [1m[35mCOMMIT[0m
  ↳ bin/rails:9
  [1m[35m (0.3ms)[0m  [1m[34mSELECT pg_advisory_unlock(7809834472913233005)[0m
  ↳ bin/rails:9
  [1m[35m (0.6ms)[0m  [1m[34mSELECT "schema_migrations"."version" FROM "schema_migrations" ORDER BY "schema_migrations"."version" ASC[0m
  ↳ bin/rails:9
  [1m[35m (1.3ms)[0m  [1m[34mSELECT "schema_migrations"."version" FROM "schema_migrations" ORDER BY "schema_migrations"."version" ASC[0m
  ↳ bin/rails:9
  [1m[35m (1.0ms)[0m  [1m[34mSELECT "schema_migrations"."version" FROM "schema_migrations" ORDER BY "schema_migrations"."version" ASC[0m
  ↳ /Users/aa/.rbenv/versions/2.5.1/bin/annotate:23
  [1m[36mCat Load (1.2ms)[0m  [1m[34mSELECT "cats".* FROM "cats"[0m
  [1m[35m (0.3ms)[0m  [1m[35mBEGIN[0m
  [1m[36mCat Create (18.0ms)[0m  [1m[32mINSERT INTO "cats" ("birth_date", "color", "name", "sex", "created_at", "updated_at") VALUES ($1, $2, $3, $4, $5, $6) RETURNING "id"[0m  [["birth_date", "2015-05-06"], ["color", "neon green"], ["name", "whiskers"], ["sex", "m"], ["created_at", "2019-07-02 18:42:50.733019"], ["updated_at", "2019-07-02 18:42:50.733019"]]
  [1m[35m (1.5ms)[0m  [1m[35mCOMMIT[0m
Started GET "/" for ::1 at 2019-07-02 14:45:30 -0400
  [1m[35m (1.1ms)[0m  [1m[34mSELECT "schema_migrations"."version" FROM "schema_migrations" ORDER BY "schema_migrations"."version" ASC[0m
  ↳ /Users/aa/.rbenv/versions/2.5.1/lib/ruby/gems/2.5.0/gems/activerecord-5.2.3/lib/active_record/log_subscriber.rb:98
Processing by Rails::WelcomeController#index as HTML
  Rendering /Users/aa/.rbenv/versions/2.5.1/lib/ruby/gems/2.5.0/gems/railties-5.2.3/lib/rails/templates/rails/welcome/index.html.erb
  Rendered /Users/aa/.rbenv/versions/2.5.1/lib/ruby/gems/2.5.0/gems/railties-5.2.3/lib/rails/templates/rails/welcome/index.html.erb (4.5ms)
Completed 200 OK in 89ms (Views: 52.8ms | ActiveRecord: 0.0ms)


Started GET "/cats" for ::1 at 2019-07-02 14:50:01 -0400
Processing by CatsController#index as HTML
  Rendering cats/index.html.erb within layouts/application
  [1m[36mCat Load (1.4ms)[0m  [1m[34mSELECT "cats".* FROM "cats"[0m
  ↳ app/views/cats/index.html.erb:2
  Rendered cats/index.html.erb within layouts/application (67.7ms)
Completed 500 Internal Server Error in 120ms (ActiveRecord: 10.9ms)



NoMethodError - undefined method `birth_day' for #<Cat:0x00007f7f6f19f8c0>
Did you mean?  birth_date
               birth_date=
               birth_date?:
  app/views/cats/index.html.erb:3:in `block in _app_views_cats_index_html_erb__2384470578814127574_70092651253240'
  app/views/cats/index.html.erb:2:in `_app_views_cats_index_html_erb__2384470578814127574_70092651253240'
  app/controllers/cats_controller.rb:5:in `index'

Started POST "/__better_errors/8b2857f8566936c1/variables" for ::1 at 2019-07-02 14:50:02 -0400
Started GET "/cats" for ::1 at 2019-07-02 14:50:19 -0400
Processing by CatsController#index as HTML
  Rendering cats/index.html.erb within layouts/application
  [1m[36mCat Load (0.8ms)[0m  [1m[34mSELECT "cats".* FROM "cats"[0m
  ↳ app/views/cats/index.html.erb:2
  Rendered cats/index.html.erb within layouts/application (8.7ms)
Completed 500 Internal Server Error in 18ms (ActiveRecord: 0.8ms)



NoMethodError - undefined method `|' for "whiskers":String:
  app/views/cats/index.html.erb:3:in `block in _app_views_cats_index_html_erb__2384470578814127574_70092669314520'
  app/views/cats/index.html.erb:2:in `_app_views_cats_index_html_erb__2384470578814127574_70092669314520'
  app/controllers/cats_controller.rb:5:in `index'

Started POST "/__better_errors/cb0ab736245aedf0/variables" for ::1 at 2019-07-02 14:50:20 -0400
Started GET "/cats" for ::1 at 2019-07-02 14:51:21 -0400
Processing by CatsController#index as HTML
  Rendering cats/index.html.erb within layouts/application
  [1m[36mCat Load (2.0ms)[0m  [1m[34mSELECT "cats".* FROM "cats"[0m
  ↳ app/views/cats/index.html.erb:2
  Rendered cats/index.html.erb within layouts/application (7.7ms)
Completed 500 Internal Server Error in 29ms (ActiveRecord: 2.0ms)



ArgumentError - wrong number of arguments (given 1, expected 0):
  app/views/cats/index.html.erb:3:in `block in _app_views_cats_index_html_erb__2384470578814127574_70092675634400'
  app/views/cats/index.html.erb:2:in `_app_views_cats_index_html_erb__2384470578814127574_70092675634400'
  app/controllers/cats_controller.rb:5:in `index'

Started POST "/__better_errors/ae635373b841da1f/variables" for ::1 at 2019-07-02 14:51:21 -0400
Started GET "/cats" for ::1 at 2019-07-02 14:51:41 -0400
Processing by CatsController#index as HTML
  Rendering cats/index.html.erb within layouts/application
  Rendered cats/index.html.erb within layouts/application (1.9ms)
Completed 500 Internal Server Error in 13ms (ActiveRecord: 0.0ms)



SyntaxError - syntax error, unexpected ')', expecting '='
...irth_date, kat.color, kat.sex );@output_buffer.safe_append='...
...                              ^
/Users/aa/Desktop/W4D2/cats99/app/views/cats/index.html.erb:5: syntax error, unexpected keyword_end, expecting ')'
'.freeze;  end
           ^~~
/Users/aa/Desktop/W4D2/cats99/app/views/cats/index.html.erb:12: syntax error, unexpected keyword_ensure, expecting ')'
          ensure
          ^~~~~~
/Users/aa/Desktop/W4D2/cats99/app/views/cats/index.html.erb:14: syntax error, unexpected keyword_end, expecting ')'
          end
          ^~~:
  app/views/cats/index.html.erb:3:in `'
  app/controllers/cats_controller.rb:5:in `index'

Started POST "/__better_errors/3ce7fa27023f84bb/variables" for ::1 at 2019-07-02 14:51:41 -0400
Started GET "/cats" for ::1 at 2019-07-02 14:52:10 -0400
Processing by CatsController#index as HTML
  Rendering cats/index.html.erb within layouts/application
  Rendered cats/index.html.erb within layouts/application (2.2ms)
Completed 500 Internal Server Error in 23ms (ActiveRecord: 0.0ms)



SyntaxError - syntax error, unexpected ')', expecting '='
...irth_date, kat.color, kat.sex );@output_buffer.safe_append='...
...                              ^
/Users/aa/Desktop/W4D2/cats99/app/views/cats/index.html.erb:5: syntax error, unexpected keyword_end, expecting ')'
'.freeze;  end
           ^~~
/Users/aa/Desktop/W4D2/cats99/app/views/cats/index.html.erb:12: syntax error, unexpected keyword_ensure, expecting ')'
          ensure
          ^~~~~~
/Users/aa/Desktop/W4D2/cats99/app/views/cats/index.html.erb:14: syntax error, unexpected keyword_end, expecting ')'
          end
          ^~~:
  app/views/cats/index.html.erb:3:in `'
  app/controllers/cats_controller.rb:5:in `index'

Started POST "/__better_errors/299bcfef9fb7d9a2/variables" for ::1 at 2019-07-02 14:52:10 -0400
Started GET "/cats" for ::1 at 2019-07-02 14:52:11 -0400
Processing by CatsController#index as HTML
  Rendering cats/index.html.erb within layouts/application
  Rendered cats/index.html.erb within layouts/application (1.4ms)
Completed 500 Internal Server Error in 12ms (ActiveRecord: 0.0ms)



SyntaxError - syntax error, unexpected ')', expecting '='
...irth_date, kat.color, kat.sex );@output_buffer.safe_append='...
...                              ^
/Users/aa/Desktop/W4D2/cats99/app/views/cats/index.html.erb:5: syntax error, unexpected keyword_end, expecting ')'
'.freeze;  end
           ^~~
/Users/aa/Desktop/W4D2/cats99/app/views/cats/index.html.erb:12: syntax error, unexpected keyword_ensure, expecting ')'
          ensure
          ^~~~~~
/Users/aa/Desktop/W4D2/cats99/app/views/cats/index.html.erb:14: syntax error, unexpected keyword_end, expecting ')'
          end
          ^~~:
  app/views/cats/index.html.erb:3:in `'
  app/controllers/cats_controller.rb:5:in `index'

Started POST "/__better_errors/0be7226382eb337c/variables" for ::1 at 2019-07-02 14:52:11 -0400
Started GET "/cats" for ::1 at 2019-07-02 15:00:15 -0400
Processing by CatsController#index as HTML
  Rendering cats/index.html.erb within layouts/application
  [1m[36mCat Load (1.3ms)[0m  [1m[34mSELECT "cats".* FROM "cats"[0m
  ↳ app/views/cats/index.html.erb:3
  Rendered cats/index.html.erb within layouts/application (3.6ms)
Completed 200 OK in 459ms (Views: 457.0ms | ActiveRecord: 1.3ms)


Started GET "/cats/1" for ::1 at 2019-07-02 15:00:25 -0400

AbstractController::ActionNotFound - The action 'show' could not be found for CatsController:

Started POST "/__better_errors/13819ac81b1cb685/variables" for ::1 at 2019-07-02 15:00:25 -0400
Started GET "/cats" for ::1 at 2019-07-02 15:04:03 -0400
Processing by CatsController#index as HTML
  Rendering cats/index.html.erb within layouts/application
  [1m[36mCat Load (0.9ms)[0m  [1m[34mSELECT "cats".* FROM "cats"[0m
  ↳ app/views/cats/index.html.erb:3
  Rendered cats/index.html.erb within layouts/application (48.3ms)
Completed 200 OK in 128ms (Views: 82.9ms | ActiveRecord: 20.3ms)


Started GET "/cats/1" for ::1 at 2019-07-02 15:04:11 -0400
Processing by CatsController#show as HTML
  Parameters: {"id"=>"1"}
Completed 404 Not Found in 185517ms (ActiveRecord: 0.0ms)



ActiveRecord::RecordNotFound - Couldn't find Cat without an ID:
  app/controllers/cats_controller.rb:10:in `show'

Started POST "/__better_errors/0fa6831a5c91a633/variables" for ::1 at 2019-07-02 15:07:17 -0400
Started GET "/cats/1" for ::1 at 2019-07-02 15:07:25 -0400
Processing by CatsController#show as HTML
  Parameters: {"id"=>"1"}
Completed 404 Not Found in 5196ms (ActiveRecord: 0.0ms)



ActiveRecord::RecordNotFound - Couldn't find Cat without an ID:
  app/controllers/cats_controller.rb:10:in `show'

Started POST "/__better_errors/10f07cb4db7b003b/variables" for ::1 at 2019-07-02 15:07:31 -0400
Started GET "/cats/1" for ::1 at 2019-07-02 15:08:42 -0400
Processing by CatsController#show as HTML
  Parameters: {"id"=>"1"}
  [1m[36mCat Load (0.6ms)[0m  [1m[34mSELECT  "cats".* FROM "cats" WHERE "cats"."id" = $1 LIMIT $2[0m  [["id", 1], ["LIMIT", 1]]
  ↳ app/controllers/cats_controller.rb:10
Completed 406 Not Acceptable in 191ms (ActiveRecord: 10.3ms)



ActionController::UnknownFormat - CatsController#show is missing a template for this request format and variant.

request.formats: ["text/html"]
request.variant: []

NOTE! For XHR/Ajax or API requests, this action would normally respond with 204 No Content: an empty white screen. Since you're loading it in a web browser, we assume that you expected to actually render a template, not nothing, so we're showing an error to be extra-clear. If you expect 204 No Content, carry on. That's what you'll get from an XHR or API request. Give it a shot.:

Started POST "/__better_errors/02494c9be8252760/variables" for ::1 at 2019-07-02 15:08:43 -0400
Started GET "/cats/" for ::1 at 2019-07-02 15:13:17 -0400
Processing by CatsController#index as HTML
  Rendering cats/index.html.erb within layouts/application
  [1m[36mCat Load (0.7ms)[0m  [1m[34mSELECT "cats".* FROM "cats"[0m
  ↳ app/views/cats/index.html.erb:3
  Rendered cats/index.html.erb within layouts/application (26.5ms)
Completed 200 OK in 85ms (Views: 61.5ms | ActiveRecord: 9.1ms)


Started GET "/cats/" for ::1 at 2019-07-02 15:15:38 -0400
Processing by CatsController#index as HTML
  Rendering cats/index.html.erb within layouts/application
  [1m[36mCat Load (0.7ms)[0m  [1m[34mSELECT "cats".* FROM "cats"[0m
  ↳ app/views/cats/index.html.erb:3
  Rendered cats/index.html.erb within layouts/application (2.4ms)
Completed 200 OK in 55ms (Views: 54.0ms | ActiveRecord: 0.7ms)


Started GET "/cats/1" for ::1 at 2019-07-02 15:15:40 -0400
Processing by CatsController#show as HTML
  Parameters: {"id"=>"1"}
  [1m[36mCat Load (1.0ms)[0m  [1m[34mSELECT  "cats".* FROM "cats" WHERE "cats"."id" = $1 LIMIT $2[0m  [["id", 1], ["LIMIT", 1]]
  ↳ app/controllers/cats_controller.rb:9
  Rendering cats/show.html.erb within layouts/application
  Rendered cats/show.html.erb within layouts/application (378.3ms)
Completed 500 Internal Server Error in 428ms (ActiveRecord: 1.0ms)



NameError - undefined local variable or method `kat' for #<#<Class:0x00007f7f6db09b10>:0x00007f7f6caec7a0>
Did you mean?  @kat:
  app/views/cats/show.html.erb:3:in `_app_views_cats_show_html_erb___1944731404206853198_70092630473260'
  app/controllers/cats_controller.rb:10:in `show'

Started POST "/__better_errors/a8edcf1d0ab65ddb/variables" for ::1 at 2019-07-02 15:15:41 -0400
Started GET "/cats/1" for ::1 at 2019-07-02 15:16:35 -0400
Processing by CatsController#show as HTML
  Parameters: {"id"=>"1"}
  [1m[36mCat Load (1.7ms)[0m  [1m[34mSELECT  "cats".* FROM "cats" WHERE "cats"."id" = $1 LIMIT $2[0m  [["id", 1], ["LIMIT", 1]]
  ↳ app/controllers/cats_controller.rb:9
  Rendering cats/show.html.erb within layouts/application
  Rendered cats/show.html.erb within layouts/application (0.9ms)
Completed 200 OK in 31ms (Views: 26.8ms | ActiveRecord: 1.7ms)


Started GET "/cats/1" for ::1 at 2019-07-02 15:18:47 -0400
Processing by CatsController#show as HTML
  Parameters: {"id"=>"1"}
  [1m[36mCat Load (0.6ms)[0m  [1m[34mSELECT  "cats".* FROM "cats" WHERE "cats"."id" = $1 LIMIT $2[0m  [["id", 1], ["LIMIT", 1]]
  ↳ app/controllers/cats_controller.rb:9
  Rendering cats/show.html.erb within layouts/application
  Rendered cats/show.html.erb within layouts/application (1.2ms)
Completed 200 OK in 45ms (Views: 42.7ms | ActiveRecord: 0.6ms)


Started GET "/cats/1" for ::1 at 2019-07-02 15:19:31 -0400
Processing by CatsController#show as HTML
  Parameters: {"id"=>"1"}
  [1m[36mCat Load (0.8ms)[0m  [1m[34mSELECT  "cats".* FROM "cats" WHERE "cats"."id" = $1 LIMIT $2[0m  [["id", 1], ["LIMIT", 1]]
  ↳ app/controllers/cats_controller.rb:9
  Rendering cats/show.html.erb within layouts/application
  Rendered cats/show.html.erb within layouts/application (0.8ms)
Completed 200 OK in 45ms (Views: 40.3ms | ActiveRecord: 0.8ms)


Started GET "/cats/1" for ::1 at 2019-07-02 15:20:06 -0400
Processing by CatsController#show as HTML
  Parameters: {"id"=>"1"}
  [1m[36mCat Load (1.2ms)[0m  [1m[34mSELECT  "cats".* FROM "cats" WHERE "cats"."id" = $1 LIMIT $2[0m  [["id", 1], ["LIMIT", 1]]
  ↳ app/controllers/cats_controller.rb:9
  Rendering cats/show.html.erb within layouts/application
  Rendered cats/show.html.erb within layouts/application (1.3ms)
Completed 200 OK in 45ms (Views: 40.3ms | ActiveRecord: 1.2ms)


Started GET "/cats/1" for ::1 at 2019-07-02 15:21:32 -0400
Processing by CatsController#show as HTML
  Parameters: {"id"=>"1"}
  [1m[36mCat Load (1.5ms)[0m  [1m[34mSELECT  "cats".* FROM "cats" WHERE "cats"."id" = $1 LIMIT $2[0m  [["id", 1], ["LIMIT", 1]]
  ↳ app/controllers/cats_controller.rb:9
  Rendering cats/show.html.erb within layouts/application
  Rendered cats/show.html.erb within layouts/application (2.3ms)
Completed 200 OK in 65ms (Views: 55.9ms | ActiveRecord: 1.5ms)


Started GET "/cats/" for ::1 at 2019-07-02 15:21:57 -0400
Processing by CatsController#index as HTML
  Rendering cats/index.html.erb within layouts/application
  [1m[36mCat Load (0.9ms)[0m  [1m[34mSELECT "cats".* FROM "cats"[0m
  ↳ app/views/cats/index.html.erb:3
  Rendered cats/index.html.erb within layouts/application (8.1ms)
Completed 200 OK in 513ms (Views: 510.6ms | ActiveRecord: 0.9ms)


Started GET "/cats/1" for ::1 at 2019-07-02 15:22:02 -0400
Processing by CatsController#show as HTML
  Parameters: {"id"=>"1"}
  [1m[36mCat Load (0.6ms)[0m  [1m[34mSELECT  "cats".* FROM "cats" WHERE "cats"."id" = $1 LIMIT $2[0m  [["id", 1], ["LIMIT", 1]]
  ↳ app/controllers/cats_controller.rb:9
  Rendering cats/show.html.erb within layouts/application
  Rendered cats/show.html.erb within layouts/application (1.2ms)
Completed 200 OK in 22ms (Views: 17.7ms | ActiveRecord: 0.6ms)


Started GET "/cats/" for ::1 at 2019-07-02 15:23:11 -0400
Processing by CatsController#index as HTML
  Rendering cats/index.html.erb within layouts/application
  [1m[36mCat Load (0.9ms)[0m  [1m[34mSELECT "cats".* FROM "cats"[0m
  ↳ app/views/cats/index.html.erb:3
  Rendered cats/index.html.erb within layouts/application (6.2ms)
Completed 200 OK in 44ms (Views: 42.5ms | ActiveRecord: 0.9ms)


Started GET "/cats/1" for ::1 at 2019-07-02 15:23:15 -0400
Processing by CatsController#show as HTML
  Parameters: {"id"=>"1"}
  [1m[36mCat Load (0.7ms)[0m  [1m[34mSELECT  "cats".* FROM "cats" WHERE "cats"."id" = $1 LIMIT $2[0m  [["id", 1], ["LIMIT", 1]]
  ↳ app/controllers/cats_controller.rb:9
  Rendering cats/show.html.erb within layouts/application
  Rendered cats/show.html.erb within layouts/application (1.0ms)
Completed 200 OK in 55ms (Views: 51.7ms | ActiveRecord: 0.7ms)


Started GET "/cats/new" for ::1 at 2019-07-02 15:38:54 -0400
Processing by CatsController#new as HTML
  Rendering cats/new.html.erb within layouts/application
  Rendered cats/new.html.erb within layouts/application (1.1ms)
Completed 200 OK in 43ms (Views: 40.4ms | ActiveRecord: 0.0ms)


Started GET "/cats/new" for ::1 at 2019-07-02 15:39:05 -0400
Processing by CatsController#new as HTML
  Rendering cats/new.html.erb within layouts/application
  Rendered cats/new.html.erb within layouts/application (0.8ms)
Completed 200 OK in 57ms (Views: 52.8ms | ActiveRecord: 0.0ms)


Started GET "/cats/new" for ::1 at 2019-07-02 15:40:49 -0400
Processing by CatsController#new as HTML
  Rendering cats/new.html.erb within layouts/application
  Rendered cats/new.html.erb within layouts/application (4.6ms)
Completed 200 OK in 70ms (Views: 63.0ms | ActiveRecord: 0.0ms)


Started GET "/cats/new" for ::1 at 2019-07-02 15:41:18 -0400
Processing by CatsController#new as HTML
  Rendering cats/new.html.erb within layouts/application
  Rendered cats/new.html.erb within layouts/application (0.8ms)
Completed 200 OK in 45ms (Views: 41.6ms | ActiveRecord: 0.0ms)


Started GET "/cats/new" for ::1 at 2019-07-02 15:41:38 -0400
Processing by CatsController#new as HTML
  Rendering cats/new.html.erb within layouts/application
  Rendered cats/new.html.erb within layouts/application (0.9ms)
Completed 200 OK in 38ms (Views: 34.3ms | ActiveRecord: 0.0ms)


Started GET "/cats/new" for ::1 at 2019-07-02 15:42:22 -0400
Processing by CatsController#new as HTML
  Rendering cats/new.html.erb within layouts/application
  Rendered cats/new.html.erb within layouts/application (1.0ms)
Completed 200 OK in 54ms (Views: 52.2ms | ActiveRecord: 0.0ms)


Started GET "/cats/new" for ::1 at 2019-07-02 15:44:45 -0400
Processing by CatsController#new as HTML
  Rendering cats/new.html.erb within layouts/application
  Rendered cats/new.html.erb within layouts/application (48.5ms)
Completed 500 Internal Server Error in 77ms (ActiveRecord: 11.6ms)



NameError - undefined local variable or method `color' for #<Class:0x00007f7f6c9a4eb0>:
  app/models/cat.rb:20:in `<class:Cat>'
  app/models/cat.rb:18:in `<top (required)>'
  app/views/cats/new.html.erb:8:in `_app_views_cats_new_html_erb___1828330453782277607_70092672375060'

Started POST "/__better_errors/9a13346f5be715db/variables" for ::1 at 2019-07-02 15:44:46 -0400
Started GET "/cats/new" for ::1 at 2019-07-02 15:44:58 -0400
Processing by CatsController#new as HTML
  Rendering cats/new.html.erb within layouts/application
  Rendered cats/new.html.erb within layouts/application (0.7ms)
Completed 200 OK in 51ms (Views: 48.8ms | ActiveRecord: 0.0ms)


Started GET "/cats/new" for ::1 at 2019-07-02 15:44:58 -0400
Processing by CatsController#new as HTML
  Rendering cats/new.html.erb within layouts/application
  Rendered cats/new.html.erb within layouts/application (1.1ms)
Completed 200 OK in 16ms (Views: 13.6ms | ActiveRecord: 0.0ms)


Started GET "/cats/new" for ::1 at 2019-07-02 15:45:05 -0400
Processing by CatsController#new as HTML
  Rendering cats/new.html.erb within layouts/application
  Rendered cats/new.html.erb within layouts/application (67.5ms)
Completed 500 Internal Server Error in 76ms (ActiveRecord: 0.0ms)



NameError - undefined local variable or method `color' for #<Class:0x00007f7f6da19020>:
  app/models/cat.rb:20:in `<class:Cat>'
  app/models/cat.rb:18:in `<top (required)>'
  app/views/cats/new.html.erb:8:in `_app_views_cats_new_html_erb___1828330453782277607_70092639037460'

Started POST "/__better_errors/9c862cb6fa661ed8/variables" for ::1 at 2019-07-02 15:45:05 -0400
Started GET "/cats/new" for ::1 at 2019-07-02 15:45:30 -0400
Processing by CatsController#new as HTML
  Rendering cats/new.html.erb within layouts/application
  Rendered cats/new.html.erb within layouts/application (46.5ms)
Completed 500 Internal Server Error in 120ms (ActiveRecord: 4.5ms)



NoMethodError - undefined method `color' for #<Class:0x00007f7f6dade988>:
  app/models/cat.rb:20:in `<class:Cat>'
  app/models/cat.rb:18:in `<top (required)>'
  app/views/cats/new.html.erb:8:in `_app_views_cats_new_html_erb___1828330453782277607_70092653677460'

Started POST "/__better_errors/bc5538df0ede40a1/variables" for ::1 at 2019-07-02 15:45:30 -0400
Started GET "/cats/new" for ::1 at 2019-07-02 15:45:41 -0400
Processing by CatsController#new as HTML
  Rendering cats/new.html.erb within layouts/application
  Rendered cats/new.html.erb within layouts/application (33.9ms)
Completed 500 Internal Server Error in 53ms (ActiveRecord: 7.5ms)



NoMethodError - undefined method `color' for #<Class:0x00007f7f72252580>:
  app/models/cat.rb:20:in `<class:Cat>'
  app/models/cat.rb:18:in `<top (required)>'
  app/views/cats/new.html.erb:8:in `_app_views_cats_new_html_erb___1828330453782277607_70092675807800'

Started POST "/__better_errors/002e0424fa522f61/variables" for ::1 at 2019-07-02 15:45:41 -0400
Started GET "/cats/" for ::1 at 2019-07-02 15:45:45 -0400
Processing by CatsController#index as HTML
Completed 500 Internal Server Error in 24ms (ActiveRecord: 0.0ms)



NoMethodError - undefined method `color' for #<Class:0x00007f7f71994ab0>:
  app/models/cat.rb:20:in `<class:Cat>'
  app/models/cat.rb:18:in `<top (required)>'
  app/controllers/cats_controller.rb:4:in `index'

Started POST "/__better_errors/0794391e00c1432d/variables" for ::1 at 2019-07-02 15:45:45 -0400
Started POST "/__better_errors/002e0424fa522f61/variables" for ::1 at 2019-07-02 15:45:47 -0400
Started GET "/cats/new" for ::1 at 2019-07-02 15:45:57 -0400
Processing by CatsController#new as HTML
  Rendering cats/new.html.erb within layouts/application
  Rendered cats/new.html.erb within layouts/application (6.7ms)
Completed 200 OK in 42ms (Views: 40.0ms | ActiveRecord: 0.0ms)


Started GET "/cats/" for ::1 at 2019-07-02 15:46:02 -0400
Processing by CatsController#index as HTML
  Rendering cats/index.html.erb within layouts/application
  [1m[36mCat Load (1.5ms)[0m  [1m[34mSELECT "cats".* FROM "cats"[0m
  ↳ app/views/cats/index.html.erb:3
  Rendered cats/index.html.erb within layouts/application (36.7ms)
Completed 200 OK in 63ms (Views: 47.1ms | ActiveRecord: 14.5ms)


Started GET "/cats/new" for ::1 at 2019-07-02 15:46:05 -0400
Processing by CatsController#new as HTML
  Rendering cats/new.html.erb within layouts/application
  Rendered cats/new.html.erb within layouts/application (0.9ms)
Completed 200 OK in 14ms (Views: 11.4ms | ActiveRecord: 0.0ms)


Started GET "/cats/new" for ::1 at 2019-07-02 15:46:15 -0400
Processing by CatsController#new as HTML
  Rendering cats/new.html.erb within layouts/application
  Rendered cats/new.html.erb within layouts/application (0.8ms)
Completed 200 OK in 11ms (Views: 8.4ms | ActiveRecord: 0.0ms)


Started GET "/cats/new" for ::1 at 2019-07-02 16:11:51 -0400
Processing by CatsController#new as HTML
  Rendering cats/new.html.erb within layouts/application
  Rendered cats/new.html.erb within layouts/application (25.2ms)
Completed 200 OK in 69ms (Views: 66.0ms | ActiveRecord: 0.0ms)


Started GET "/cats/new" for ::1 at 2019-07-02 16:12:30 -0400
Processing by CatsController#new as HTML
  Rendering cats/new.html.erb within layouts/application
  Rendered cats/new.html.erb within layouts/application (1.0ms)
Completed 200 OK in 40ms (Views: 36.7ms | ActiveRecord: 0.0ms)


Started GET "/cats/new" for ::1 at 2019-07-02 16:15:57 -0400
Processing by CatsController#new as HTML
  Rendering cats/new.html.erb within layouts/application
  Rendered cats/new.html.erb within layouts/application (2.4ms)
Completed 200 OK in 134ms (Views: 129.6ms | ActiveRecord: 0.0ms)


Started GET "/cats/new" for ::1 at 2019-07-02 16:18:27 -0400
Processing by CatsController#new as HTML
  Rendering cats/new.html.erb within layouts/application
  Rendered cats/new.html.erb within layouts/application (5.7ms)
Completed 200 OK in 72ms (Views: 61.7ms | ActiveRecord: 0.0ms)


Started GET "/cats/new" for ::1 at 2019-07-02 16:19:02 -0400
Processing by CatsController#new as HTML
  Rendering cats/new.html.erb within layouts/application
  Rendered cats/new.html.erb within layouts/application (1.3ms)
Completed 200 OK in 42ms (Views: 38.9ms | ActiveRecord: 0.0ms)


Started GET "/cats/new" for ::1 at 2019-07-02 16:19:02 -0400
Processing by CatsController#new as HTML
  Rendering cats/new.html.erb within layouts/application
  Rendered cats/new.html.erb within layouts/application (1.5ms)
Completed 200 OK in 28ms (Views: 26.0ms | ActiveRecord: 0.0ms)


Started GET "/cats/new" for ::1 at 2019-07-02 16:19:15 -0400
Processing by CatsController#new as HTML
  Rendering cats/new.html.erb within layouts/application
  Rendered cats/new.html.erb within layouts/application (1.8ms)
Completed 200 OK in 44ms (Views: 40.5ms | ActiveRecord: 0.0ms)


Started GET "/cats/new" for ::1 at 2019-07-02 16:19:32 -0400
Processing by CatsController#new as HTML
  Rendering cats/new.html.erb within layouts/application
  Rendered cats/new.html.erb within layouts/application (2.6ms)
Completed 200 OK in 50ms (Views: 47.4ms | ActiveRecord: 0.0ms)


Started GET "/cats/new" for ::1 at 2019-07-02 16:20:37 -0400
Processing by CatsController#new as HTML
  Rendering cats/new.html.erb within layouts/application
  Rendered cats/new.html.erb within layouts/application (1.2ms)
Completed 200 OK in 38ms (Views: 35.3ms | ActiveRecord: 0.0ms)


Started GET "/cats/new" for ::1 at 2019-07-02 16:23:26 -0400
Processing by CatsController#new as HTML
  Rendering cats/new.html.erb within layouts/application
  Rendered cats/new.html.erb within layouts/application (1.6ms)
Completed 200 OK in 1470ms (Views: 1467.3ms | ActiveRecord: 0.0ms)


Started GET "/cats/new" for ::1 at 2019-07-02 16:23:40 -0400
Processing by CatsController#new as HTML
  Rendering cats/new.html.erb within layouts/application
  Rendered cats/new.html.erb within layouts/application (5.6ms)
Completed 200 OK in 74ms (Views: 68.1ms | ActiveRecord: 0.0ms)


Started GET "/cats/new" for ::1 at 2019-07-02 16:24:05 -0400
Processing by CatsController#new as HTML
  Rendering cats/new.html.erb within layouts/application
  Rendered cats/new.html.erb within layouts/application (13.8ms)
Completed 200 OK in 82ms (Views: 79.7ms | ActiveRecord: 0.0ms)


Started GET "/cats/new" for ::1 at 2019-07-02 16:26:10 -0400
Processing by CatsController#new as HTML
  Rendering cats/new.html.erb within layouts/application
  Rendered cats/new.html.erb within layouts/application (4.9ms)
Completed 200 OK in 67ms (Views: 60.5ms | ActiveRecord: 0.0ms)


Started GET "/cats/new" for ::1 at 2019-07-02 16:26:12 -0400
Processing by CatsController#new as HTML
  Rendering cats/new.html.erb within layouts/application
  Rendered cats/new.html.erb within layouts/application (1.5ms)
Completed 200 OK in 14ms (Views: 11.6ms | ActiveRecord: 0.0ms)


Started GET "/cats/new" for ::1 at 2019-07-02 16:26:16 -0400
Processing by CatsController#new as HTML
  Rendering cats/new.html.erb within layouts/application
  Rendered cats/new.html.erb within layouts/application (1.1ms)
Completed 200 OK in 17ms (Views: 14.1ms | ActiveRecord: 0.0ms)


Started GET "/cats/new" for ::1 at 2019-07-02 16:27:25 -0400
Processing by CatsController#new as HTML
  Rendering cats/new.html.erb within layouts/application
  Rendered cats/new.html.erb within layouts/application (8.5ms)
Completed 200 OK in 75ms (Views: 68.3ms | ActiveRecord: 0.0ms)


Started GET "/cats/new" for ::1 at 2019-07-02 16:27:27 -0400
Processing by CatsController#new as HTML
  Rendering cats/new.html.erb within layouts/application
  Rendered cats/new.html.erb within layouts/application (1.2ms)
Completed 200 OK in 23ms (Views: 19.0ms | ActiveRecord: 0.0ms)


Started GET "/cats/new" for ::1 at 2019-07-02 16:27:42 -0400
Processing by CatsController#new as HTML
  Rendering cats/new.html.erb within layouts/application
  Rendered cats/new.html.erb within layouts/application (1.5ms)
Completed 200 OK in 54ms (Views: 49.7ms | ActiveRecord: 0.0ms)


Started GET "/cats/new" for ::1 at 2019-07-02 16:27:43 -0400
Processing by CatsController#new as HTML
  Rendering cats/new.html.erb within layouts/application
  Rendered cats/new.html.erb within layouts/application (1.4ms)
Completed 200 OK in 19ms (Views: 15.9ms | ActiveRecord: 0.0ms)


Started GET "/cats/new" for ::1 at 2019-07-02 16:27:45 -0400
Processing by CatsController#new as HTML
  Rendering cats/new.html.erb within layouts/application
  Rendered cats/new.html.erb within layouts/application (1.1ms)
Completed 200 OK in 27ms (Views: 23.5ms | ActiveRecord: 0.0ms)


Started GET "/cats/new" for ::1 at 2019-07-02 16:28:04 -0400
Processing by CatsController#new as HTML
  Rendering cats/new.html.erb within layouts/application
  Rendered cats/new.html.erb within layouts/application (1.3ms)
Completed 200 OK in 52ms (Views: 48.4ms | ActiveRecord: 0.0ms)


Started GET "/cats/new" for ::1 at 2019-07-02 16:28:10 -0400
Processing by CatsController#new as HTML
  Rendering cats/new.html.erb within layouts/application
  Rendered cats/new.html.erb within layouts/application (1.2ms)
Completed 200 OK in 21ms (Views: 17.7ms | ActiveRecord: 0.0ms)


Started GET "/" for ::1 at 2019-07-02 16:28:29 -0400
Processing by Rails::WelcomeController#index as HTML
  Rendering /Users/aa/.rbenv/versions/2.5.1/lib/ruby/gems/2.5.0/gems/railties-5.2.3/lib/rails/templates/rails/welcome/index.html.erb
  Rendered /Users/aa/.rbenv/versions/2.5.1/lib/ruby/gems/2.5.0/gems/railties-5.2.3/lib/rails/templates/rails/welcome/index.html.erb (6.7ms)
Completed 200 OK in 40ms (Views: 12.7ms | ActiveRecord: 0.0ms)


Started GET "/cats/new" for ::1 at 2019-07-02 16:28:35 -0400
Processing by CatsController#new as HTML
  Rendering cats/new.html.erb within layouts/application
  Rendered cats/new.html.erb within layouts/application (6.2ms)
Completed 200 OK in 63ms (Views: 59.0ms | ActiveRecord: 0.0ms)


Started GET "/cats/new" for ::1 at 2019-07-02 16:29:43 -0400
Processing by CatsController#new as HTML
  Rendering cats/new.html.erb within layouts/application
  Rendered cats/new.html.erb within layouts/application (6.2ms)
Completed 200 OK in 80ms (Views: 77.6ms | ActiveRecord: 0.0ms)


Started GET "/cats/new" for ::1 at 2019-07-02 16:31:28 -0400
Processing by CatsController#new as HTML
  Rendering cats/new.html.erb within layouts/application
  Rendered cats/new.html.erb within layouts/application (7.3ms)
Completed 200 OK in 108ms (Views: 101.9ms | ActiveRecord: 0.0ms)


Started GET "/cats/new" for ::1 at 2019-07-02 16:33:56 -0400
Processing by CatsController#new as HTML
  Rendering cats/new.html.erb within layouts/application
  Rendered cats/new.html.erb within layouts/application (2.7ms)
Completed 200 OK in 53ms (Views: 49.1ms | ActiveRecord: 0.0ms)


Started GET "/cats/new" for ::1 at 2019-07-02 16:34:03 -0400
Processing by CatsController#new as HTML
  Rendering cats/new.html.erb within layouts/application
  Rendered cats/new.html.erb within layouts/application (2.5ms)
Completed 200 OK in 139ms (Views: 134.3ms | ActiveRecord: 0.0ms)


Started GET "/cats/new" for ::1 at 2019-07-02 16:34:31 -0400
Processing by CatsController#new as HTML
  Rendering cats/new.html.erb within layouts/application
  Rendered cats/new.html.erb within layouts/application (1.2ms)
Completed 200 OK in 55ms (Views: 51.9ms | ActiveRecord: 0.0ms)


Started GET "/cats/new" for ::1 at 2019-07-02 16:34:45 -0400
Processing by CatsController#new as HTML
  Rendering cats/new.html.erb within layouts/application
  Rendered cats/new.html.erb within layouts/application (1.0ms)
Completed 200 OK in 18ms (Views: 14.8ms | ActiveRecord: 0.0ms)


Started GET "/cats/new" for ::1 at 2019-07-02 16:35:04 -0400
Processing by CatsController#new as HTML
  Rendering cats/new.html.erb within layouts/application
  Rendered cats/new.html.erb within layouts/application (1.3ms)
Completed 200 OK in 44ms (Views: 41.7ms | ActiveRecord: 0.0ms)


Started GET "/cats/new" for ::1 at 2019-07-02 16:58:24 -0400
Processing by CatsController#new as HTML
  Rendering cats/new.html.erb within layouts/application
  Rendered cats/new.html.erb within layouts/application (26.4ms)
Completed 200 OK in 82ms (Views: 77.7ms | ActiveRecord: 0.0ms)


Started GET "/cats/1/edit" for ::1 at 2019-07-02 16:58:55 -0400
Processing by CatsController#edit as HTML
  Parameters: {"id"=>"1"}
  Rendering cats/edit.html.erb within layouts/application
  Rendered cats/edit.html.erb within layouts/application (10.7ms)
Completed 500 Internal Server Error in 38ms (ActiveRecord: 0.0ms)



NoMethodError - undefined method `name' for nil:NilClass:
  app/views/cats/edit.html.erb:7:in `_app_views_cats_edit_html_erb__4375592436283262546_70092652734800'

Started POST "/__better_errors/ba789cbe76c77b5f/variables" for ::1 at 2019-07-02 16:58:56 -0400
  [1m[36mCat Load (1.3ms)[0m  [1m[34mSELECT "cats".* FROM "cats"[0m
Started GET "/cats/1/edit" for ::1 at 2019-07-02 17:01:14 -0400
Processing by CatsController#edit as HTML
  Parameters: {"id"=>"1"}
  [1m[36mCat Load (0.9ms)[0m  [1m[34mSELECT  "cats".* FROM "cats" WHERE "cats"."id" = $1 LIMIT $2[0m  [["id", 1], ["LIMIT", 1]]
  ↳ app/controllers/cats_controller.rb:18
  Rendering cats/edit.html.erb within layouts/application
  Rendered cats/edit.html.erb within layouts/application (2.9ms)
Completed 200 OK in 136ms (Views: 60.1ms | ActiveRecord: 19.2ms)


  [1m[35m (0.6ms)[0m  [1m[35mBEGIN[0m
  [1m[35m (0.6ms)[0m  [1m[31mROLLBACK[0m
  [1m[35m (0.2ms)[0m  [1m[35mBEGIN[0m
  [1m[36mCat Create (2.2ms)[0m  [1m[32mINSERT INTO "cats" ("birth_date", "color", "name", "sex", "created_at", "updated_at", "description") VALUES ($1, $2, $3, $4, $5, $6, $7) RETURNING "id"[0m  [["birth_date", "2014-01-03"], ["color", "blue"], ["name", "Squeeky"], ["sex", "f"], ["created_at", "2019-07-02 21:03:32.333562"], ["updated_at", "2019-07-02 21:03:32.333562"], ["description", "The worst cat"]]
  [1m[35m (5.5ms)[0m  [1m[35mCOMMIT[0m
  [1m[36mCat Load (0.7ms)[0m  [1m[34mSELECT "cats".* FROM "cats"[0m
Started GET "/cats/2/edit" for ::1 at 2019-07-02 17:03:43 -0400
Processing by CatsController#edit as HTML
  Parameters: {"id"=>"2"}
  [1m[36mCat Load (0.6ms)[0m  [1m[34mSELECT  "cats".* FROM "cats" WHERE "cats"."id" = $1 LIMIT $2[0m  [["id", 2], ["LIMIT", 1]]
  ↳ app/controllers/cats_controller.rb:18
  Rendering cats/edit.html.erb within layouts/application
  Rendered cats/edit.html.erb within layouts/application (1.3ms)
Completed 200 OK in 122ms (Views: 119.0ms | ActiveRecord: 0.6ms)


Started GET "/cats/2/edit" for ::1 at 2019-07-02 17:04:53 -0400
Processing by CatsController#edit as HTML
  Parameters: {"id"=>"2"}
  [1m[36mCat Load (1.1ms)[0m  [1m[34mSELECT  "cats".* FROM "cats" WHERE "cats"."id" = $1 LIMIT $2[0m  [["id", 2], ["LIMIT", 1]]
  ↳ app/controllers/cats_controller.rb:18
  Rendering cats/edit.html.erb within layouts/application
  Rendered cats/edit.html.erb within layouts/application (2.7ms)
Completed 200 OK in 43ms (Views: 38.1ms | ActiveRecord: 1.1ms)


Started GET "/cats/2/edit" for ::1 at 2019-07-02 17:05:14 -0400
Processing by CatsController#edit as HTML
  Parameters: {"id"=>"2"}
  [1m[36mCat Load (0.7ms)[0m  [1m[34mSELECT  "cats".* FROM "cats" WHERE "cats"."id" = $1 LIMIT $2[0m  [["id", 2], ["LIMIT", 1]]
  ↳ app/controllers/cats_controller.rb:18
  Rendering cats/edit.html.erb within layouts/application
  Rendered cats/edit.html.erb within layouts/application (1.9ms)
Completed 200 OK in 44ms (Views: 41.4ms | ActiveRecord: 0.7ms)


Started GET "/cats/2/edit" for ::1 at 2019-07-02 17:09:52 -0400
Processing by CatsController#edit as HTML
  Parameters: {"id"=>"2"}
  [1m[36mCat Load (0.9ms)[0m  [1m[34mSELECT  "cats".* FROM "cats" WHERE "cats"."id" = $1 LIMIT $2[0m  [["id", 2], ["LIMIT", 1]]
  ↳ app/controllers/cats_controller.rb:18
  Rendering cats/edit.html.erb within layouts/application
  Rendered cats/edit.html.erb within layouts/application (3.5ms)
Completed 200 OK in 45ms (Views: 42.2ms | ActiveRecord: 0.9ms)


Started GET "/cats/1/edit" for ::1 at 2019-07-02 17:09:59 -0400
Processing by CatsController#edit as HTML
  Parameters: {"id"=>"1"}
  [1m[36mCat Load (1.5ms)[0m  [1m[34mSELECT  "cats".* FROM "cats" WHERE "cats"."id" = $1 LIMIT $2[0m  [["id", 1], ["LIMIT", 1]]
  ↳ app/controllers/cats_controller.rb:18
  Rendering cats/edit.html.erb within layouts/application
  Rendered cats/edit.html.erb within layouts/application (2.9ms)
Completed 200 OK in 158ms (Views: 154.3ms | ActiveRecord: 1.5ms)


Started GET "/cats/2/edit" for ::1 at 2019-07-02 17:10:07 -0400
Processing by CatsController#edit as HTML
  Parameters: {"id"=>"2"}
  [1m[36mCat Load (0.6ms)[0m  [1m[34mSELECT  "cats".* FROM "cats" WHERE "cats"."id" = $1 LIMIT $2[0m  [["id", 2], ["LIMIT", 1]]
  ↳ app/controllers/cats_controller.rb:18
  Rendering cats/edit.html.erb within layouts/application
  Rendered cats/edit.html.erb within layouts/application (1.7ms)
Completed 200 OK in 17ms (Views: 13.8ms | ActiveRecord: 0.6ms)


Started GET "/cats/2/edit" for ::1 at 2019-07-02 17:16:58 -0400
Processing by CatsController#edit as HTML
  Parameters: {"id"=>"2"}
  [1m[36mCat Load (1.1ms)[0m  [1m[34mSELECT  "cats".* FROM "cats" WHERE "cats"."id" = $1 LIMIT $2[0m  [["id", 2], ["LIMIT", 1]]
  ↳ app/controllers/cats_controller.rb:19
  Rendering cats/edit.html.erb within layouts/application
  Rendered cats/_form.html.erb (2.9ms)
  Rendered cats/edit.html.erb within layouts/application (7.2ms)
Completed 200 OK in 109ms (Views: 45.5ms | ActiveRecord: 17.8ms)


Started GET "/cats/1/edit" for ::1 at 2019-07-02 17:17:02 -0400
Processing by CatsController#edit as HTML
  Parameters: {"id"=>"1"}
  [1m[36mCat Load (0.8ms)[0m  [1m[34mSELECT  "cats".* FROM "cats" WHERE "cats"."id" = $1 LIMIT $2[0m  [["id", 1], ["LIMIT", 1]]
  ↳ app/controllers/cats_controller.rb:19
  Rendering cats/edit.html.erb within layouts/application
  Rendered cats/_form.html.erb (2.1ms)
  Rendered cats/edit.html.erb within layouts/application (5.6ms)
Completed 200 OK in 21ms (Views: 17.3ms | ActiveRecord: 0.8ms)


Started GET "/cats/1/edit" for ::1 at 2019-07-02 17:17:13 -0400
Processing by CatsController#edit as HTML
  Parameters: {"id"=>"1"}
  [1m[36mCat Load (0.7ms)[0m  [1m[34mSELECT  "cats".* FROM "cats" WHERE "cats"."id" = $1 LIMIT $2[0m  [["id", 1], ["LIMIT", 1]]
  ↳ app/controllers/cats_controller.rb:19
  Rendering cats/edit.html.erb within layouts/application
  Rendered cats/_form.html.erb (2.7ms)
  Rendered cats/edit.html.erb within layouts/application (18.7ms)
Completed 200 OK in 45ms (Views: 41.4ms | ActiveRecord: 0.7ms)


Started GET "/cats/1/edit" for ::1 at 2019-07-02 17:17:21 -0400
Processing by CatsController#edit as HTML
  Parameters: {"id"=>"1"}
  [1m[36mCat Load (1.2ms)[0m  [1m[34mSELECT  "cats".* FROM "cats" WHERE "cats"."id" = $1 LIMIT $2[0m  [["id", 1], ["LIMIT", 1]]
  ↳ app/controllers/cats_controller.rb:19
  Rendering cats/edit.html.erb within layouts/application
  Rendered cats/_form.html.erb (1.9ms)
  Rendered cats/edit.html.erb within layouts/application (7.2ms)
Completed 200 OK in 27ms (Views: 22.5ms | ActiveRecord: 1.2ms)


Started GET "/cats/1/edit" for ::1 at 2019-07-02 17:18:16 -0400
Processing by CatsController#edit as HTML
  Parameters: {"id"=>"1"}
  [1m[36mCat Load (0.5ms)[0m  [1m[34mSELECT  "cats".* FROM "cats" WHERE "cats"."id" = $1 LIMIT $2[0m  [["id", 1], ["LIMIT", 1]]
  ↳ app/controllers/cats_controller.rb:19
  Rendering cats/edit.html.erb within layouts/application
  Rendered cats/_form.html.erb (9.0ms)
  Rendered cats/edit.html.erb within layouts/application (12.2ms)
Completed 500 Internal Server Error in 82ms (ActiveRecord: 12.3ms)



NoMethodError - undefined method `name' for nil:NilClass:
  app/views/cats/_form.html.erb:9:in `_app_views_cats__form_html_erb__3827883035402037565_70092640395820'
  app/views/cats/edit.html.erb:1:in `_app_views_cats_edit_html_erb__4375592436283262546_70092630838120'
  app/controllers/cats_controller.rb:20:in `edit'

Started POST "/__better_errors/5374758fea1bed07/variables" for ::1 at 2019-07-02 17:18:16 -0400
Started GET "/cats/1/edit" for ::1 at 2019-07-02 17:18:30 -0400
Processing by CatsController#edit as HTML
  Parameters: {"id"=>"1"}
  [1m[36mCat Load (0.9ms)[0m  [1m[34mSELECT  "cats".* FROM "cats" WHERE "cats"."id" = $1 LIMIT $2[0m  [["id", 1], ["LIMIT", 1]]
  ↳ app/controllers/cats_controller.rb:19
  Rendering cats/edit.html.erb within layouts/application
  Rendered cats/_form.html.erb (1.7ms)
  Rendered cats/edit.html.erb within layouts/application (9.3ms)
Completed 200 OK in 56ms (Views: 53.0ms | ActiveRecord: 0.9ms)


Started GET "/cats/new" for ::1 at 2019-07-02 17:19:42 -0400
Processing by CatsController#new as HTML
Completed 404 Not Found in 35ms (ActiveRecord: 10.8ms)



ActiveRecord::RecordNotFound - Couldn't find Cat without an ID:
  app/controllers/cats_controller.rb:24:in `new'

Started POST "/__better_errors/3473a865e36c3603/variables" for ::1 at 2019-07-02 17:19:43 -0400
Started GET "/cats/new" for ::1 at 2019-07-02 17:20:07 -0400
Processing by CatsController#new as HTML
  Rendering cats/new.html.erb within layouts/application
  Rendered cats/_form.html.erb (1.8ms)
  Rendered cats/new.html.erb within layouts/application (9.6ms)
Completed 200 OK in 116ms (Views: 59.7ms | ActiveRecord: 11.4ms)


Started GET "/cats/new" for ::1 at 2019-07-02 17:27:24 -0400
Processing by CatsController#new as HTML
  Rendering cats/new.html.erb within layouts/application
  Rendered cats/_form.html.erb (5.2ms)
  Rendered cats/new.html.erb within layouts/application (61.2ms)
Completed 200 OK in 127ms (Views: 120.5ms | ActiveRecord: 0.0ms)


Started GET "/cats/1/edit" for ::1 at 2019-07-02 17:27:46 -0400
Processing by CatsController#edit as HTML
  Parameters: {"id"=>"1"}
  [1m[36mCat Load (1.3ms)[0m  [1m[34mSELECT  "cats".* FROM "cats" WHERE "cats"."id" = $1 LIMIT $2[0m  [["id", 1], ["LIMIT", 1]]
  ↳ app/controllers/cats_controller.rb:19
  Rendering cats/edit.html.erb within layouts/application
  Rendered cats/_form.html.erb (4.1ms)
  Rendered cats/edit.html.erb within layouts/application (7.8ms)
Completed 200 OK in 50ms (Views: 31.3ms | ActiveRecord: 1.7ms)


Started GET "/cats/1/edit" for ::1 at 2019-07-02 17:29:09 -0400
Processing by CatsController#edit as HTML
  Parameters: {"id"=>"1"}
  [1m[36mCat Load (1.0ms)[0m  [1m[34mSELECT  "cats".* FROM "cats" WHERE "cats"."id" = $1 LIMIT $2[0m  [["id", 1], ["LIMIT", 1]]
  ↳ app/controllers/cats_controller.rb:19
  Rendering cats/edit.html.erb within layouts/application
  Rendered cats/_form.html.erb (3.9ms)
  Rendered cats/edit.html.erb within layouts/application (7.5ms)
Completed 200 OK in 78ms (Views: 74.5ms | ActiveRecord: 1.0ms)


Started GET "/cats/new" for ::1 at 2019-07-02 17:29:38 -0400
Processing by CatsController#new as HTML
  Rendering cats/new.html.erb within layouts/application
  Rendered cats/_form.html.erb (3.4ms)
  Rendered cats/new.html.erb within layouts/application (27.3ms)
Completed 200 OK in 114ms (Views: 112.4ms | ActiveRecord: 0.0ms)


Started PATCH "/cats/new" for ::1 at 2019-07-02 17:29:41 -0400
Processing by CatsController#update as HTML
  Parameters: {"gender"=>"f", "color"=>"pink", "id"=>"new"}
  [1m[36mCat Load (0.8ms)[0m  [1m[34mSELECT  "cats".* FROM "cats" WHERE "cats"."id" = $1 LIMIT $2[0m  [["id", 0], ["LIMIT", 1]]
  ↳ app/controllers/cats_controller.rb:14
Completed 404 Not Found in 7ms (ActiveRecord: 0.8ms)



ActiveRecord::RecordNotFound - Couldn't find Cat with 'id'=new:
  app/controllers/cats_controller.rb:14:in `update'

Started POST "/__better_errors/715c6be9eb0e2cb7/variables" for ::1 at 2019-07-02 17:29:42 -0400
